Configuring streaming-commons-0.1.17...
Building streaming-commons-0.1.17...
Preprocessing library streaming-commons-0.1.17...
[ 1 of 19] Compiling System.Win32File ( .stack-work\dist\5f9bc736\build\System\Win32File.hs, .stack-work\dist\5f9bc736\build\System\Win32File.o )
[ 2 of 19] Compiling Data.Text.Internal.Unsafe.Shift ( Data\Text\Internal\Unsafe\Shift.hs, .stack-work\dist\5f9bc736\build\Data\Text\Internal\Unsafe\Shift.o )
[ 3 of 19] Compiling Data.Text.Internal.Unsafe.Char ( Data\Text\Internal\Unsafe\Char.hs, .stack-work\dist\5f9bc736\build\Data\Text\Internal\Unsafe\Char.o )
[ 4 of 19] Compiling Data.Text.Internal.Encoding.Utf8 ( Data\Text\Internal\Encoding\Utf8.hs, .stack-work\dist\5f9bc736\build\Data\Text\Internal\Encoding\Utf8.o )
[ 5 of 19] Compiling Data.Text.Internal.Encoding.Utf32 ( Data\Text\Internal\Encoding\Utf32.hs, .stack-work\dist\5f9bc736\build\Data\Text\Internal\Encoding\Utf32.o )
[ 6 of 19] Compiling Data.Text.Internal.Encoding.Utf16 ( Data\Text\Internal\Encoding\Utf16.hs, .stack-work\dist\5f9bc736\build\Data\Text\Internal\Encoding\Utf16.o )
[ 7 of 19] Compiling Data.Streaming.Zlib.Lowlevel ( Data\Streaming\Zlib\Lowlevel.hs, .stack-work\dist\5f9bc736\build\Data\Streaming\Zlib\Lowlevel.o )
[ 8 of 19] Compiling Data.Streaming.Zlib ( Data\Streaming\Zlib.hs, .stack-work\dist\5f9bc736\build\Data\Streaming\Zlib.o )
[ 9 of 19] Compiling Data.Streaming.Text ( Data\Streaming\Text.hs, .stack-work\dist\5f9bc736\build\Data\Streaming\Text.o )
[10 of 19] Compiling Data.Streaming.Process.Internal ( Data\Streaming\Process\Internal.hs, .stack-work\dist\5f9bc736\build\Data\Streaming\Process\Internal.o )
[11 of 19] Compiling Data.Streaming.Process ( Data\Streaming\Process.hs, .stack-work\dist\5f9bc736\build\Data\Streaming\Process.o )
[12 of 19] Compiling Data.Streaming.Network.Internal ( Data\Streaming\Network\Internal.hs, .stack-work\dist\5f9bc736\build\Data\Streaming\Network\Internal.o )
[13 of 19] Compiling Data.Streaming.Network ( Data\Streaming\Network.hs, .stack-work\dist\5f9bc736\build\Data\Streaming\Network.o )
[14 of 19] Compiling Data.Streaming.Filesystem ( Data\Streaming\Filesystem.hs, .stack-work\dist\5f9bc736\build\Data\Streaming\Filesystem.o )
[15 of 19] Compiling Data.Streaming.FileRead ( Data\Streaming\FileRead.hs, .stack-work\dist\5f9bc736\build\Data\Streaming\FileRead.o )
[16 of 19] Compiling Data.Streaming.ByteString.Builder.Buffer ( Data\Streaming\ByteString\Builder\Buffer.hs, .stack-work\dist\5f9bc736\build\Data\Streaming\ByteString\Builder\Buffer.o )
[17 of 19] Compiling Data.Streaming.ByteString.Builder ( Data\Streaming\ByteString\Builder.hs, .stack-work\dist\5f9bc736\build\Data\Streaming\ByteString\Builder.o )
[18 of 19] Compiling Data.Streaming.ByteString.Builder.Class ( Data\Streaming\ByteString\Builder\Class.hs, .stack-work\dist\5f9bc736\build\Data\Streaming\ByteString\Builder\Class.o )
[19 of 19] Compiling Data.Streaming.Blaze ( Data\Streaming\Blaze.hs, .stack-work\dist\5f9bc736\build\Data\Streaming\Blaze.o )
Installing library in
C:\sr\snapshots\9b49e9f1\lib\i386-windows-ghc-8.0.2\streaming-commons-0.1.17-68TIrPMbDcW6Be9IWoxgJG
Registering streaming-commons-0.1.17...
