Configuring stringsearch-0.3.6.6...
Building stringsearch-0.3.6.6...
Preprocessing library stringsearch-0.3.6.6...
[ 1 of 15] Compiling Data.ByteString.Search.Substitution ( Data\ByteString\Search\Substitution.hs, .stack-work\dist\5f9bc736\build\Data\ByteString\Search\Substitution.o )
[ 2 of 15] Compiling Data.ByteString.Search.KarpRabin ( Data\ByteString\Search\KarpRabin.hs, .stack-work\dist\5f9bc736\build\Data\ByteString\Search\KarpRabin.o )
[ 3 of 15] Compiling Data.ByteString.Search.Internal.Utils ( Data\ByteString\Search\Internal\Utils.hs, .stack-work\dist\5f9bc736\build\Data\ByteString\Search\Internal\Utils.o )
[ 4 of 15] Compiling Data.ByteString.Search.Internal.KnuthMorrisPratt ( Data\ByteString\Search\Internal\KnuthMorrisPratt.hs, .stack-work\dist\5f9bc736\build\Data\ByteString\Search\Internal\KnuthMorrisPratt.o )
[ 5 of 15] Compiling Data.ByteString.Search.KMP ( Data\ByteString\Search\KMP.hs, .stack-work\dist\5f9bc736\build\Data\ByteString\Search\KMP.o )
[ 6 of 15] Compiling Data.ByteString.Search.KnuthMorrisPratt ( Data\ByteString\Search\KnuthMorrisPratt.hs, .stack-work\dist\5f9bc736\build\Data\ByteString\Search\KnuthMorrisPratt.o )
[ 7 of 15] Compiling Data.ByteString.Search.Internal.BoyerMoore ( Data\ByteString\Search\Internal\BoyerMoore.hs, .stack-work\dist\5f9bc736\build\Data\ByteString\Search\Internal\BoyerMoore.o )
[ 8 of 15] Compiling Data.ByteString.Search.DFA ( Data\ByteString\Search\DFA.hs, .stack-work\dist\5f9bc736\build\Data\ByteString\Search\DFA.o )
[ 9 of 15] Compiling Data.ByteString.Search ( Data\ByteString\Search.hs, .stack-work\dist\5f9bc736\build\Data\ByteString\Search.o )
[10 of 15] Compiling Data.ByteString.Lazy.Search.KarpRabin ( Data\ByteString\Lazy\Search\KarpRabin.hs, .stack-work\dist\5f9bc736\build\Data\ByteString\Lazy\Search\KarpRabin.o )
[11 of 15] Compiling Data.ByteString.Lazy.Search.KMP ( Data\ByteString\Lazy\Search\KMP.hs, .stack-work\dist\5f9bc736\build\Data\ByteString\Lazy\Search\KMP.o )
[12 of 15] Compiling Data.ByteString.Lazy.Search.Internal.BoyerMoore ( Data\ByteString\Lazy\Search\Internal\BoyerMoore.hs, .stack-work\dist\5f9bc736\build\Data\ByteString\Lazy\Search\Internal\BoyerMoore.o )
[13 of 15] Compiling Data.ByteString.Search.BoyerMoore ( Data\ByteString\Search\BoyerMoore.hs, .stack-work\dist\5f9bc736\build\Data\ByteString\Search\BoyerMoore.o )
[14 of 15] Compiling Data.ByteString.Lazy.Search.DFA ( Data\ByteString\Lazy\Search\DFA.hs, .stack-work\dist\5f9bc736\build\Data\ByteString\Lazy\Search\DFA.o )
[15 of 15] Compiling Data.ByteString.Lazy.Search ( Data\ByteString\Lazy\Search.hs, .stack-work\dist\5f9bc736\build\Data\ByteString\Lazy\Search.o )
Installing library in
C:\sr\snapshots\9b49e9f1\lib\i386-windows-ghc-8.0.2\stringsearch-0.3.6.6-2soGORichTR6reHVhDqKip
Registering stringsearch-0.3.6.6...
